<?xml version="1.0" encoding="UTF-8"?>
<!-- Generated by org.testng.reporters.JUnitReportReporter -->
<testsuite hostname="LAPTOP-H5PVVSBB" name="com.persistent.testcases.SidePanHomeTest" tests="1" failures="0" timestamp="22 Apr 2018 12:23:32 GMT" time="10.555" errors="0">
  <testcase name="homeFirstSidePaneTest" time="10.555" classname="com.persistent.testcases.SidePanHomeTest"/>
</testsuite> <!-- com.persistent.testcases.SidePanHomeTest -->
