<?xml version="1.0" encoding="UTF-8"?>
<!-- Generated by org.testng.reporters.JUnitReportReporter -->
<testsuite hostname="LAPTOP-H5PVVSBB" name="com.persistent.action.WLoginAction" tests="4" failures="0" timestamp="21 Apr 2018 07:08:09 GMT" time="4.394" errors="0">
  <testcase name="LoginAction" time="1.054" classname="com.persistent.action.WLoginAction"/>
  <testcase name="LoginAction" time="1.225" classname="com.persistent.action.WLoginAction"/>
  <testcase name="LoginAction" time="1.040" classname="com.persistent.action.WLoginAction"/>
  <testcase name="LoginAction" time="1.075" classname="com.persistent.action.WLoginAction"/>
</testsuite> <!-- com.persistent.action.WLoginAction -->
