<?xml version="1.0" encoding="UTF-8"?>
<!-- Generated by org.testng.reporters.JUnitReportReporter -->
<testsuite hostname="LAPTOP-H5PVVSBB" name="com.persistent.testcases.LoginTest" tests="4" failures="0" timestamp="21 Apr 2018 07:30:30 GMT" time="4.537" errors="0">
  <testcase name="SignTest" time="1.210" classname="com.persistent.testcases.LoginTest"/>
  <testcase name="SignTest" time="1.048" classname="com.persistent.testcases.LoginTest"/>
  <testcase name="SignTest" time="1.175" classname="com.persistent.testcases.LoginTest"/>
  <testcase name="SignTest" time="1.104" classname="com.persistent.testcases.LoginTest"/>
</testsuite> <!-- com.persistent.testcases.LoginTest -->
